::1 - - [18/Nov/2018:22:17:13 +0000] "GET / HTTP/1.1" 302 60 "-" "Mozilla/5.0 (Macintosh; Intel Mac OS X 10_13_6) AppleWebKit/537.36 (KHTML, like Gecko) Chrome/70.0.3538.102 Safari/537.36"
::1 - - [18/Nov/2018:22:17:13 +0000] "GET /burgers HTTP/1.1" 200 3126 "-" "Mozilla/5.0 (Macintosh; Intel Mac OS X 10_13_6) AppleWebKit/537.36 (KHTML, like Gecko) Chrome/70.0.3538.102 Safari/537.36"
::1 - - [18/Nov/2018:22:17:13 +0000] "GET /static/assets/css/style.css HTTP/1.1" 404 166 "http://localhost:3000/burgers" "Mozilla/5.0 (Macintosh; Intel Mac OS X 10_13_6) AppleWebKit/537.36 (KHTML, like Gecko) Chrome/70.0.3538.102 Safari/537.36"
::1 - - [18/Nov/2018:22:17:13 +0000] "GET /static/assets/img/cuteBurger.jpg HTTP/1.1" 404 171 "http://localhost:3000/burgers" "Mozilla/5.0 (Macintosh; Intel Mac OS X 10_13_6) AppleWebKit/537.36 (KHTML, like Gecko) Chrome/70.0.3538.102 Safari/537.36"
::1 - - [18/Nov/2018:22:17:14 +0000] "GET /favicon.ico HTTP/1.1" 404 150 "http://localhost:3000/burgers" "Mozilla/5.0 (Macintosh; Intel Mac OS X 10_13_6) AppleWebKit/537.36 (KHTML, like Gecko) Chrome/70.0.3538.102 Safari/537.36"
::1 - - [18/Nov/2018:22:17:19 +0000] "PUT /burgers/update?_method=PUT HTTP/1.1" 302 46 "http://localhost:3000/burgers" "Mozilla/5.0 (Macintosh; Intel Mac OS X 10_13_6) AppleWebKit/537.36 (KHTML, like Gecko) Chrome/70.0.3538.102 Safari/537.36"
::1 - - [18/Nov/2018:22:17:19 +0000] "GET / HTTP/1.1" 302 60 "http://localhost:3000/burgers" "Mozilla/5.0 (Macintosh; Intel Mac OS X 10_13_6) AppleWebKit/537.36 (KHTML, like Gecko) Chrome/70.0.3538.102 Safari/537.36"
::1 - - [18/Nov/2018:22:17:20 +0000] "GET /burgers HTTP/1.1" 200 2808 "http://localhost:3000/burgers" "Mozilla/5.0 (Macintosh; Intel Mac OS X 10_13_6) AppleWebKit/537.36 (KHTML, like Gecko) Chrome/70.0.3538.102 Safari/537.36"
::1 - - [18/Nov/2018:22:17:20 +0000] "GET /static/assets/css/style.css HTTP/1.1" 404 166 "http://localhost:3000/burgers" "Mozilla/5.0 (Macintosh; Intel Mac OS X 10_13_6) AppleWebKit/537.36 (KHTML, like Gecko) Chrome/70.0.3538.102 Safari/537.36"
::1 - - [18/Nov/2018:22:17:20 +0000] "GET /static/assets/img/cuteBurger.jpg HTTP/1.1" 404 171 "http://localhost:3000/burgers" "Mozilla/5.0 (Macintosh; Intel Mac OS X 10_13_6) AppleWebKit/537.36 (KHTML, like Gecko) Chrome/70.0.3538.102 Safari/537.36"
::1 - - [18/Nov/2018:22:19:28 +0000] "POST /burgers/create HTTP/1.1" 302 46 "http://localhost:3000/burgers" "Mozilla/5.0 (Macintosh; Intel Mac OS X 10_13_6) AppleWebKit/537.36 (KHTML, like Gecko) Chrome/70.0.3538.102 Safari/537.36"
::1 - - [18/Nov/2018:22:19:28 +0000] "GET / HTTP/1.1" 302 60 "http://localhost:3000/burgers" "Mozilla/5.0 (Macintosh; Intel Mac OS X 10_13_6) AppleWebKit/537.36 (KHTML, like Gecko) Chrome/70.0.3538.102 Safari/537.36"
::1 - - [18/Nov/2018:22:19:28 +0000] "GET /burgers HTTP/1.1" 200 3213 "http://localhost:3000/burgers" "Mozilla/5.0 (Macintosh; Intel Mac OS X 10_13_6) AppleWebKit/537.36 (KHTML, like Gecko) Chrome/70.0.3538.102 Safari/537.36"
::1 - - [18/Nov/2018:22:19:28 +0000] "GET /static/assets/css/style.css HTTP/1.1" 404 166 "http://localhost:3000/burgers" "Mozilla/5.0 (Macintosh; Intel Mac OS X 10_13_6) AppleWebKit/537.36 (KHTML, like Gecko) Chrome/70.0.3538.102 Safari/537.36"
::1 - - [18/Nov/2018:22:19:28 +0000] "GET /static/assets/img/cuteBurger.jpg HTTP/1.1" 404 171 "http://localhost:3000/burgers" "Mozilla/5.0 (Macintosh; Intel Mac OS X 10_13_6) AppleWebKit/537.36 (KHTML, like Gecko) Chrome/70.0.3538.102 Safari/537.36"
::1 - - [18/Nov/2018:22:19:36 +0000] "PUT /burgers/update?_method=PUT HTTP/1.1" 302 46 "http://localhost:3000/burgers" "Mozilla/5.0 (Macintosh; Intel Mac OS X 10_13_6) AppleWebKit/537.36 (KHTML, like Gecko) Chrome/70.0.3538.102 Safari/537.36"
::1 - - [18/Nov/2018:22:19:36 +0000] "GET / HTTP/1.1" 302 60 "http://localhost:3000/burgers" "Mozilla/5.0 (Macintosh; Intel Mac OS X 10_13_6) AppleWebKit/537.36 (KHTML, like Gecko) Chrome/70.0.3538.102 Safari/537.36"
::1 - - [18/Nov/2018:22:19:36 +0000] "GET /burgers HTTP/1.1" 200 2895 "http://localhost:3000/burgers" "Mozilla/5.0 (Macintosh; Intel Mac OS X 10_13_6) AppleWebKit/537.36 (KHTML, like Gecko) Chrome/70.0.3538.102 Safari/537.36"
::1 - - [18/Nov/2018:22:19:36 +0000] "GET /static/assets/css/style.css HTTP/1.1" 404 166 "http://localhost:3000/burgers" "Mozilla/5.0 (Macintosh; Intel Mac OS X 10_13_6) AppleWebKit/537.36 (KHTML, like Gecko) Chrome/70.0.3538.102 Safari/537.36"
::1 - - [18/Nov/2018:22:19:36 +0000] "GET /static/assets/img/cuteBurger.jpg HTTP/1.1" 404 171 "http://localhost:3000/burgers" "Mozilla/5.0 (Macintosh; Intel Mac OS X 10_13_6) AppleWebKit/537.36 (KHTML, like Gecko) Chrome/70.0.3538.102 Safari/537.36"
::1 - - [18/Nov/2018:22:19:39 +0000] "PUT /burgers/update?_method=PUT HTTP/1.1" 302 46 "http://localhost:3000/burgers" "Mozilla/5.0 (Macintosh; Intel Mac OS X 10_13_6) AppleWebKit/537.36 (KHTML, like Gecko) Chrome/70.0.3538.102 Safari/537.36"
::1 - - [18/Nov/2018:22:19:39 +0000] "GET / HTTP/1.1" 302 60 "http://localhost:3000/burgers" "Mozilla/5.0 (Macintosh; Intel Mac OS X 10_13_6) AppleWebKit/537.36 (KHTML, like Gecko) Chrome/70.0.3538.102 Safari/537.36"
::1 - - [18/Nov/2018:22:19:39 +0000] "GET /burgers HTTP/1.1" 200 2577 "http://localhost:3000/burgers" "Mozilla/5.0 (Macintosh; Intel Mac OS X 10_13_6) AppleWebKit/537.36 (KHTML, like Gecko) Chrome/70.0.3538.102 Safari/537.36"
::1 - - [18/Nov/2018:22:19:39 +0000] "GET /static/assets/css/style.css HTTP/1.1" 404 166 "http://localhost:3000/burgers" "Mozilla/5.0 (Macintosh; Intel Mac OS X 10_13_6) AppleWebKit/537.36 (KHTML, like Gecko) Chrome/70.0.3538.102 Safari/537.36"
::1 - - [18/Nov/2018:22:19:39 +0000] "GET /static/assets/img/cuteBurger.jpg HTTP/1.1" 404 171 "http://localhost:3000/burgers" "Mozilla/5.0 (Macintosh; Intel Mac OS X 10_13_6) AppleWebKit/537.36 (KHTML, like Gecko) Chrome/70.0.3538.102 Safari/537.36"
::1 - - [18/Nov/2018:22:19:41 +0000] "PUT /burgers/update?_method=PUT HTTP/1.1" 302 46 "http://localhost:3000/burgers" "Mozilla/5.0 (Macintosh; Intel Mac OS X 10_13_6) AppleWebKit/537.36 (KHTML, like Gecko) Chrome/70.0.3538.102 Safari/537.36"
::1 - - [18/Nov/2018:22:19:41 +0000] "GET / HTTP/1.1" 302 60 "http://localhost:3000/burgers" "Mozilla/5.0 (Macintosh; Intel Mac OS X 10_13_6) AppleWebKit/537.36 (KHTML, like Gecko) Chrome/70.0.3538.102 Safari/537.36"
::1 - - [18/Nov/2018:22:19:41 +0000] "GET /burgers HTTP/1.1" 200 2259 "http://localhost:3000/burgers" "Mozilla/5.0 (Macintosh; Intel Mac OS X 10_13_6) AppleWebKit/537.36 (KHTML, like Gecko) Chrome/70.0.3538.102 Safari/537.36"
::1 - - [18/Nov/2018:22:19:41 +0000] "GET /static/assets/css/style.css HTTP/1.1" 404 166 "http://localhost:3000/burgers" "Mozilla/5.0 (Macintosh; Intel Mac OS X 10_13_6) AppleWebKit/537.36 (KHTML, like Gecko) Chrome/70.0.3538.102 Safari/537.36"
::1 - - [18/Nov/2018:22:19:41 +0000] "GET /static/assets/img/cuteBurger.jpg HTTP/1.1" 404 171 "http://localhost:3000/burgers" "Mozilla/5.0 (Macintosh; Intel Mac OS X 10_13_6) AppleWebKit/537.36 (KHTML, like Gecko) Chrome/70.0.3538.102 Safari/537.36"
::1 - - [18/Nov/2018:22:23:31 +0000] "GET /burgers/create HTTP/1.1" 404 153 "-" "Mozilla/5.0 (Macintosh; Intel Mac OS X 10_13_6) AppleWebKit/537.36 (KHTML, like Gecko) Chrome/70.0.3538.102 Safari/537.36"
::1 - - [18/Nov/2018:22:23:38 +0000] "GET / HTTP/1.1" 302 60 "-" "Mozilla/5.0 (Macintosh; Intel Mac OS X 10_13_6) AppleWebKit/537.36 (KHTML, like Gecko) Chrome/70.0.3538.102 Safari/537.36"
::1 - - [18/Nov/2018:22:23:38 +0000] "GET /burgers HTTP/1.1" 200 2341 "-" "Mozilla/5.0 (Macintosh; Intel Mac OS X 10_13_6) AppleWebKit/537.36 (KHTML, like Gecko) Chrome/70.0.3538.102 Safari/537.36"
::1 - - [18/Nov/2018:22:23:38 +0000] "GET /assets/css/reset.css HTTP/1.1" 404 159 "http://localhost:3000/burgers" "Mozilla/5.0 (Macintosh; Intel Mac OS X 10_13_6) AppleWebKit/537.36 (KHTML, like Gecko) Chrome/70.0.3538.102 Safari/537.36"
::1 - - [18/Nov/2018:22:23:38 +0000] "GET /assets/styles/style.css HTTP/1.1" 404 162 "http://localhost:3000/burgers" "Mozilla/5.0 (Macintosh; Intel Mac OS X 10_13_6) AppleWebKit/537.36 (KHTML, like Gecko) Chrome/70.0.3538.102 Safari/537.36"
::1 - - [18/Nov/2018:22:23:38 +0000] "GET /static/assets/img/cuteBurger.jpg HTTP/1.1" 404 171 "http://localhost:3000/burgers" "Mozilla/5.0 (Macintosh; Intel Mac OS X 10_13_6) AppleWebKit/537.36 (KHTML, like Gecko) Chrome/70.0.3538.102 Safari/537.36"
::1 - - [18/Nov/2018:22:23:44 +0000] "POST /burgers/create HTTP/1.1" 302 46 "http://localhost:3000/burgers" "Mozilla/5.0 (Macintosh; Intel Mac OS X 10_13_6) AppleWebKit/537.36 (KHTML, like Gecko) Chrome/70.0.3538.102 Safari/537.36"
::1 - - [18/Nov/2018:22:23:44 +0000] "GET / HTTP/1.1" 302 60 "http://localhost:3000/burgers" "Mozilla/5.0 (Macintosh; Intel Mac OS X 10_13_6) AppleWebKit/537.36 (KHTML, like Gecko) Chrome/70.0.3538.102 Safari/537.36"
::1 - - [18/Nov/2018:22:23:44 +0000] "GET /burgers HTTP/1.1" 200 2746 "http://localhost:3000/burgers" "Mozilla/5.0 (Macintosh; Intel Mac OS X 10_13_6) AppleWebKit/537.36 (KHTML, like Gecko) Chrome/70.0.3538.102 Safari/537.36"
::1 - - [18/Nov/2018:22:23:44 +0000] "GET /assets/css/reset.css HTTP/1.1" 404 159 "http://localhost:3000/burgers" "Mozilla/5.0 (Macintosh; Intel Mac OS X 10_13_6) AppleWebKit/537.36 (KHTML, like Gecko) Chrome/70.0.3538.102 Safari/537.36"
::1 - - [18/Nov/2018:22:23:44 +0000] "GET /assets/styles/style.css HTTP/1.1" 404 162 "http://localhost:3000/burgers" "Mozilla/5.0 (Macintosh; Intel Mac OS X 10_13_6) AppleWebKit/537.36 (KHTML, like Gecko) Chrome/70.0.3538.102 Safari/537.36"
::1 - - [18/Nov/2018:22:23:44 +0000] "GET /static/assets/img/cuteBurger.jpg HTTP/1.1" 404 171 "http://localhost:3000/burgers" "Mozilla/5.0 (Macintosh; Intel Mac OS X 10_13_6) AppleWebKit/537.36 (KHTML, like Gecko) Chrome/70.0.3538.102 Safari/537.36"
::1 - - [18/Nov/2018:22:23:51 +0000] "PUT /burgers/update?_method=PUT HTTP/1.1" 302 46 "http://localhost:3000/burgers" "Mozilla/5.0 (Macintosh; Intel Mac OS X 10_13_6) AppleWebKit/537.36 (KHTML, like Gecko) Chrome/70.0.3538.102 Safari/537.36"
::1 - - [18/Nov/2018:22:23:51 +0000] "GET / HTTP/1.1" 302 60 "http://localhost:3000/burgers" "Mozilla/5.0 (Macintosh; Intel Mac OS X 10_13_6) AppleWebKit/537.36 (KHTML, like Gecko) Chrome/70.0.3538.102 Safari/537.36"
::1 - - [18/Nov/2018:22:23:51 +0000] "GET /burgers HTTP/1.1" 200 2428 "http://localhost:3000/burgers" "Mozilla/5.0 (Macintosh; Intel Mac OS X 10_13_6) AppleWebKit/537.36 (KHTML, like Gecko) Chrome/70.0.3538.102 Safari/537.36"
::1 - - [18/Nov/2018:22:23:51 +0000] "GET /assets/css/reset.css HTTP/1.1" 404 159 "http://localhost:3000/burgers" "Mozilla/5.0 (Macintosh; Intel Mac OS X 10_13_6) AppleWebKit/537.36 (KHTML, like Gecko) Chrome/70.0.3538.102 Safari/537.36"
::1 - - [18/Nov/2018:22:23:51 +0000] "GET /assets/styles/style.css HTTP/1.1" 404 162 "http://localhost:3000/burgers" "Mozilla/5.0 (Macintosh; Intel Mac OS X 10_13_6) AppleWebKit/537.36 (KHTML, like Gecko) Chrome/70.0.3538.102 Safari/537.36"
::1 - - [18/Nov/2018:22:23:51 +0000] "GET /static/assets/img/cuteBurger.jpg HTTP/1.1" 404 171 "http://localhost:3000/burgers" "Mozilla/5.0 (Macintosh; Intel Mac OS X 10_13_6) AppleWebKit/537.36 (KHTML, like Gecko) Chrome/70.0.3538.102 Safari/537.36"
::1 - - [18/Nov/2018:22:32:14 +0000] "GET /burgers HTTP/1.1" 200 2201 "http://localhost:3000/burgers" "Mozilla/5.0 (Macintosh; Intel Mac OS X 10_13_6) AppleWebKit/537.36 (KHTML, like Gecko) Chrome/70.0.3538.102 Safari/537.36"
::1 - - [18/Nov/2018:22:32:14 +0000] "GET /assets/css/reset.css HTTP/1.1" 404 159 "http://localhost:3000/burgers" "Mozilla/5.0 (Macintosh; Intel Mac OS X 10_13_6) AppleWebKit/537.36 (KHTML, like Gecko) Chrome/70.0.3538.102 Safari/537.36"
::1 - - [18/Nov/2018:22:32:14 +0000] "GET /assets/styles/style.css HTTP/1.1" 404 162 "http://localhost:3000/burgers" "Mozilla/5.0 (Macintosh; Intel Mac OS X 10_13_6) AppleWebKit/537.36 (KHTML, like Gecko) Chrome/70.0.3538.102 Safari/537.36"
::1 - - [18/Nov/2018:22:32:14 +0000] "GET /static/assets/img/cuteBurger.jpg HTTP/1.1" 404 171 "http://localhost:3000/burgers" "Mozilla/5.0 (Macintosh; Intel Mac OS X 10_13_6) AppleWebKit/537.36 (KHTML, like Gecko) Chrome/70.0.3538.102 Safari/537.36"
::1 - - [18/Nov/2018:22:32:20 +0000] "GET / HTTP/1.1" 302 60 "-" "Mozilla/5.0 (Macintosh; Intel Mac OS X 10_13_6) AppleWebKit/537.36 (KHTML, like Gecko) Chrome/70.0.3538.102 Safari/537.36"
::1 - - [18/Nov/2018:22:32:20 +0000] "GET /burgers HTTP/1.1" 304 - "-" "Mozilla/5.0 (Macintosh; Intel Mac OS X 10_13_6) AppleWebKit/537.36 (KHTML, like Gecko) Chrome/70.0.3538.102 Safari/537.36"
::1 - - [18/Nov/2018:22:32:20 +0000] "GET /assets/css/reset.css HTTP/1.1" 404 159 "http://localhost:3000/burgers" "Mozilla/5.0 (Macintosh; Intel Mac OS X 10_13_6) AppleWebKit/537.36 (KHTML, like Gecko) Chrome/70.0.3538.102 Safari/537.36"
::1 - - [18/Nov/2018:22:32:20 +0000] "GET /assets/styles/style.css HTTP/1.1" 404 162 "http://localhost:3000/burgers" "Mozilla/5.0 (Macintosh; Intel Mac OS X 10_13_6) AppleWebKit/537.36 (KHTML, like Gecko) Chrome/70.0.3538.102 Safari/537.36"
::1 - - [18/Nov/2018:22:32:20 +0000] "GET /static/assets/img/cuteBurger.jpg HTTP/1.1" 404 171 "http://localhost:3000/burgers" "Mozilla/5.0 (Macintosh; Intel Mac OS X 10_13_6) AppleWebKit/537.36 (KHTML, like Gecko) Chrome/70.0.3538.102 Safari/537.36"
::1 - - [18/Nov/2018:22:32:30 +0000] "POST /burgers/create HTTP/1.1" 302 46 "http://localhost:3000/burgers" "Mozilla/5.0 (Macintosh; Intel Mac OS X 10_13_6) AppleWebKit/537.36 (KHTML, like Gecko) Chrome/70.0.3538.102 Safari/537.36"
::1 - - [18/Nov/2018:22:32:30 +0000] "GET / HTTP/1.1" 302 60 "http://localhost:3000/burgers" "Mozilla/5.0 (Macintosh; Intel Mac OS X 10_13_6) AppleWebKit/537.36 (KHTML, like Gecko) Chrome/70.0.3538.102 Safari/537.36"
::1 - - [18/Nov/2018:22:32:30 +0000] "GET /burgers HTTP/1.1" 200 2607 "http://localhost:3000/burgers" "Mozilla/5.0 (Macintosh; Intel Mac OS X 10_13_6) AppleWebKit/537.36 (KHTML, like Gecko) Chrome/70.0.3538.102 Safari/537.36"
::1 - - [18/Nov/2018:22:32:30 +0000] "GET /assets/css/reset.css HTTP/1.1" 404 159 "http://localhost:3000/burgers" "Mozilla/5.0 (Macintosh; Intel Mac OS X 10_13_6) AppleWebKit/537.36 (KHTML, like Gecko) Chrome/70.0.3538.102 Safari/537.36"
::1 - - [18/Nov/2018:22:32:30 +0000] "GET /assets/styles/style.css HTTP/1.1" 404 162 "http://localhost:3000/burgers" "Mozilla/5.0 (Macintosh; Intel Mac OS X 10_13_6) AppleWebKit/537.36 (KHTML, like Gecko) Chrome/70.0.3538.102 Safari/537.36"
::1 - - [18/Nov/2018:22:32:30 +0000] "GET /static/assets/img/cuteBurger.jpg HTTP/1.1" 404 171 "http://localhost:3000/burgers" "Mozilla/5.0 (Macintosh; Intel Mac OS X 10_13_6) AppleWebKit/537.36 (KHTML, like Gecko) Chrome/70.0.3538.102 Safari/537.36"
::1 - - [18/Nov/2018:22:35:02 +0000] "GET / HTTP/1.1" 302 60 "-" "Mozilla/5.0 (Macintosh; Intel Mac OS X 10_13_6) AppleWebKit/537.36 (KHTML, like Gecko) Chrome/70.0.3538.102 Safari/537.36"
::1 - - [18/Nov/2018:22:35:02 +0000] "GET /burgers HTTP/1.1" 200 2601 "-" "Mozilla/5.0 (Macintosh; Intel Mac OS X 10_13_6) AppleWebKit/537.36 (KHTML, like Gecko) Chrome/70.0.3538.102 Safari/537.36"
::1 - - [18/Nov/2018:22:35:02 +0000] "GET /assets/css/reset.css HTTP/1.1" 404 159 "http://localhost:3000/burgers" "Mozilla/5.0 (Macintosh; Intel Mac OS X 10_13_6) AppleWebKit/537.36 (KHTML, like Gecko) Chrome/70.0.3538.102 Safari/537.36"
::1 - - [18/Nov/2018:22:35:02 +0000] "GET /assets/images/burger.jpg HTTP/1.1" 404 163 "http://localhost:3000/burgers" "Mozilla/5.0 (Macintosh; Intel Mac OS X 10_13_6) AppleWebKit/537.36 (KHTML, like Gecko) Chrome/70.0.3538.102 Safari/537.36"
::1 - - [18/Nov/2018:22:35:02 +0000] "GET /assets/styles/style.css HTTP/1.1" 404 162 "http://localhost:3000/burgers" "Mozilla/5.0 (Macintosh; Intel Mac OS X 10_13_6) AppleWebKit/537.36 (KHTML, like Gecko) Chrome/70.0.3538.102 Safari/537.36"
::1 - - [18/Nov/2018:22:35:32 +0000] "PUT /burgers/update?_method=PUT HTTP/1.1" 302 46 "http://localhost:3000/burgers" "Mozilla/5.0 (Macintosh; Intel Mac OS X 10_13_6) AppleWebKit/537.36 (KHTML, like Gecko) Chrome/70.0.3538.102 Safari/537.36"
::1 - - [18/Nov/2018:22:35:32 +0000] "GET / HTTP/1.1" 302 60 "http://localhost:3000/burgers" "Mozilla/5.0 (Macintosh; Intel Mac OS X 10_13_6) AppleWebKit/537.36 (KHTML, like Gecko) Chrome/70.0.3538.102 Safari/537.36"
::1 - - [18/Nov/2018:22:35:32 +0000] "GET /burgers HTTP/1.1" 200 2283 "http://localhost:3000/burgers" "Mozilla/5.0 (Macintosh; Intel Mac OS X 10_13_6) AppleWebKit/537.36 (KHTML, like Gecko) Chrome/70.0.3538.102 Safari/537.36"
::1 - - [18/Nov/2018:22:35:32 +0000] "GET /assets/css/reset.css HTTP/1.1" 404 159 "http://localhost:3000/burgers" "Mozilla/5.0 (Macintosh; Intel Mac OS X 10_13_6) AppleWebKit/537.36 (KHTML, like Gecko) Chrome/70.0.3538.102 Safari/537.36"
::1 - - [18/Nov/2018:22:35:32 +0000] "GET /assets/styles/style.css HTTP/1.1" 404 162 "http://localhost:3000/burgers" "Mozilla/5.0 (Macintosh; Intel Mac OS X 10_13_6) AppleWebKit/537.36 (KHTML, like Gecko) Chrome/70.0.3538.102 Safari/537.36"
::1 - - [18/Nov/2018:22:35:32 +0000] "GET /assets/images/burger.jpg HTTP/1.1" 404 163 "http://localhost:3000/burgers" "Mozilla/5.0 (Macintosh; Intel Mac OS X 10_13_6) AppleWebKit/537.36 (KHTML, like Gecko) Chrome/70.0.3538.102 Safari/537.36"
::1 - - [18/Nov/2018:22:35:39 +0000] "GET /burgers HTTP/1.1" 304 - "http://localhost:3000/burgers" "Mozilla/5.0 (Macintosh; Intel Mac OS X 10_13_6) AppleWebKit/537.36 (KHTML, like Gecko) Chrome/70.0.3538.102 Safari/537.36"
::1 - - [18/Nov/2018:22:35:39 +0000] "GET /assets/css/reset.css HTTP/1.1" 404 159 "http://localhost:3000/burgers" "Mozilla/5.0 (Macintosh; Intel Mac OS X 10_13_6) AppleWebKit/537.36 (KHTML, like Gecko) Chrome/70.0.3538.102 Safari/537.36"
::1 - - [18/Nov/2018:22:35:39 +0000] "GET /assets/styles/style.css HTTP/1.1" 404 162 "http://localhost:3000/burgers" "Mozilla/5.0 (Macintosh; Intel Mac OS X 10_13_6) AppleWebKit/537.36 (KHTML, like Gecko) Chrome/70.0.3538.102 Safari/537.36"
::1 - - [18/Nov/2018:22:35:39 +0000] "GET /assets/images/burger.jpg HTTP/1.1" 404 163 "http://localhost:3000/burgers" "Mozilla/5.0 (Macintosh; Intel Mac OS X 10_13_6) AppleWebKit/537.36 (KHTML, like Gecko) Chrome/70.0.3538.102 Safari/537.36"
::1 - - [18/Nov/2018:22:36:17 +0000] "GET / HTTP/1.1" 302 60 "-" "Mozilla/5.0 (Macintosh; Intel Mac OS X 10_13_6) AppleWebKit/537.36 (KHTML, like Gecko) Chrome/70.0.3538.102 Safari/537.36"
::1 - - [18/Nov/2018:22:36:17 +0000] "GET /burgers HTTP/1.1" 304 - "-" "Mozilla/5.0 (Macintosh; Intel Mac OS X 10_13_6) AppleWebKit/537.36 (KHTML, like Gecko) Chrome/70.0.3538.102 Safari/537.36"
::1 - - [18/Nov/2018:22:36:17 +0000] "GET /assets/css/reset.css HTTP/1.1" 404 159 "http://localhost:3000/burgers" "Mozilla/5.0 (Macintosh; Intel Mac OS X 10_13_6) AppleWebKit/537.36 (KHTML, like Gecko) Chrome/70.0.3538.102 Safari/537.36"
::1 - - [18/Nov/2018:22:36:17 +0000] "GET /assets/styles/style.css HTTP/1.1" 404 162 "http://localhost:3000/burgers" "Mozilla/5.0 (Macintosh; Intel Mac OS X 10_13_6) AppleWebKit/537.36 (KHTML, like Gecko) Chrome/70.0.3538.102 Safari/537.36"
::1 - - [18/Nov/2018:22:36:17 +0000] "GET /assets/images/burger.jpg HTTP/1.1" 404 163 "http://localhost:3000/burgers" "Mozilla/5.0 (Macintosh; Intel Mac OS X 10_13_6) AppleWebKit/537.36 (KHTML, like Gecko) Chrome/70.0.3538.102 Safari/537.36"
::1 - - [18/Nov/2018:22:38:03 +0000] "GET / HTTP/1.1" 302 60 "-" "Mozilla/5.0 (Macintosh; Intel Mac OS X 10_13_6) AppleWebKit/537.36 (KHTML, like Gecko) Chrome/70.0.3538.102 Safari/537.36"
::1 - - [18/Nov/2018:22:38:03 +0000] "GET /burgers HTTP/1.1" 200 2207 "-" "Mozilla/5.0 (Macintosh; Intel Mac OS X 10_13_6) AppleWebKit/537.36 (KHTML, like Gecko) Chrome/70.0.3538.102 Safari/537.36"
::1 - - [18/Nov/2018:22:38:03 +0000] "GET /assets/css/reset.css HTTP/1.1" 404 159 "http://localhost:3000/burgers" "Mozilla/5.0 (Macintosh; Intel Mac OS X 10_13_6) AppleWebKit/537.36 (KHTML, like Gecko) Chrome/70.0.3538.102 Safari/537.36"
::1 - - [18/Nov/2018:22:38:03 +0000] "GET /assets/styles/style.css HTTP/1.1" 404 162 "http://localhost:3000/burgers" "Mozilla/5.0 (Macintosh; Intel Mac OS X 10_13_6) AppleWebKit/537.36 (KHTML, like Gecko) Chrome/70.0.3538.102 Safari/537.36"
::1 - - [18/Nov/2018:22:38:06 +0000] "GET /burgers HTTP/1.1" 304 - "-" "Mozilla/5.0 (Macintosh; Intel Mac OS X 10_13_6) AppleWebKit/537.36 (KHTML, like Gecko) Chrome/70.0.3538.102 Safari/537.36"
::1 - - [18/Nov/2018:22:38:06 +0000] "GET /assets/css/reset.css HTTP/1.1" 404 159 "http://localhost:3000/burgers" "Mozilla/5.0 (Macintosh; Intel Mac OS X 10_13_6) AppleWebKit/537.36 (KHTML, like Gecko) Chrome/70.0.3538.102 Safari/537.36"
::1 - - [18/Nov/2018:22:38:06 +0000] "GET /assets/styles/style.css HTTP/1.1" 404 162 "http://localhost:3000/burgers" "Mozilla/5.0 (Macintosh; Intel Mac OS X 10_13_6) AppleWebKit/537.36 (KHTML, like Gecko) Chrome/70.0.3538.102 Safari/537.36"
